[26-Sep-2022 23:25:08] NOTICE: fpm is running, pid 81963
[26-Sep-2022 23:25:08] NOTICE: ready to handle connections
[27-Sep-2022 00:09:01] NOTICE: Terminating ...
[27-Sep-2022 00:09:01] NOTICE: Terminating ...
[27-Sep-2022 00:09:01] NOTICE: exiting, bye-bye!
[27-Sep-2022 00:28:17] NOTICE: fpm is running, pid 83684
[27-Sep-2022 00:28:17] NOTICE: ready to handle connections
[28-Sep-2022 01:43:44] NOTICE: Terminating ...
[28-Sep-2022 01:43:44] NOTICE: Terminating ...
[28-Sep-2022 01:43:44] NOTICE: exiting, bye-bye!
[28-Sep-2022 11:43:55] NOTICE: fpm is running, pid 1494
[28-Sep-2022 11:43:55] NOTICE: ready to handle connections
[02-Oct-2022 13:53:13] NOTICE: Terminating ...
[02-Oct-2022 13:53:13] NOTICE: Terminating ...
[02-Oct-2022 13:53:13] NOTICE: exiting, bye-bye!
[07-Oct-2022 12:28:57] NOTICE: fpm is running, pid 23935
[07-Oct-2022 12:28:57] NOTICE: ready to handle connections
[10-Oct-2022 12:38:23] NOTICE: Terminating ...
[10-Oct-2022 12:38:23] NOTICE: Terminating ...
[10-Oct-2022 12:38:23] NOTICE: exiting, bye-bye!
[11-Oct-2022 21:45:05] NOTICE: fpm is running, pid 14858
[11-Oct-2022 21:45:05] NOTICE: ready to handle connections
